0 info it worked if it ends with ok
1 verbose cli [ '/usr/local/bin/node', '/usr/local/bin/npm', 'start' ]
2 info using npm@3.7.2
3 info using node@v5.2.0
4 verbose run-script [ 'prestart', 'start', 'poststart' ]
5 info lifecycle demo@0.1.0~prestart: demo@0.1.0
6 silly lifecycle demo@0.1.0~prestart: no script for prestart, continuing
7 info lifecycle demo@0.1.0~start: demo@0.1.0
8 verbose lifecycle demo@0.1.0~start: unsafe-perm in lifecycle true
9 verbose lifecycle demo@0.1.0~start: PATH: /usr/local/lib/node_modules/npm/bin/node-gyp-bin:/Users/christianalfoni/Development/cerebral-module-forms/demo/node_modules/.bin:/usr/local/bin:/usr/local/go/bin:/usr/local/bin:/usr/bin:/bin:/usr/sbin:/sbin
10 verbose lifecycle demo@0.1.0~start: CWD: /Users/christianalfoni/Development/cerebral-module-forms/demo
11 silly lifecycle demo@0.1.0~start: Args: [ '-c', 'node server' ]
12 silly lifecycle demo@0.1.0~start: Returned: code: 1  signal: null
13 info lifecycle demo@0.1.0~start: Failed to exec start script
14 verbose stack Error: demo@0.1.0 start: `node server`
14 verbose stack Exit status 1
14 verbose stack     at EventEmitter.<anonymous> (/usr/local/lib/node_modules/npm/lib/utils/lifecycle.js:239:16)
14 verbose stack     at emitTwo (events.js:88:13)
14 verbose stack     at EventEmitter.emit (events.js:173:7)
14 verbose stack     at ChildProcess.<anonymous> (/usr/local/lib/node_modules/npm/lib/utils/spawn.js:24:14)
14 verbose stack     at emitTwo (events.js:88:13)
14 verbose stack     at ChildProcess.emit (events.js:173:7)
14 verbose stack     at maybeClose (internal/child_process.js:819:16)
14 verbose stack     at Process.ChildProcess._handle.onexit (internal/child_process.js:212:5)
15 verbose pkgid demo@0.1.0
16 verbose cwd /Users/christianalfoni/Development/cerebral-module-forms/demo
17 error Darwin 15.5.0
18 error argv "/usr/local/bin/node" "/usr/local/bin/npm" "start"
19 error node v5.2.0
20 error npm  v3.7.2
21 error code ELIFECYCLE
22 error demo@0.1.0 start: `node server`
22 error Exit status 1
23 error Failed at the demo@0.1.0 start script 'node server'.
23 error Make sure you have the latest version of node.js and npm installed.
23 error If you do, this is most likely a problem with the demo package,
23 error not with npm itself.
23 error Tell the author that this fails on your system:
23 error     node server
23 error You can get information on how to open an issue for this project with:
23 error     npm bugs demo
23 error Or if that isn't available, you can get their info via:
23 error     npm owner ls demo
23 error There is likely additional logging output above.
24 verbose exit [ 1, true ]
